<?xml version="1.0" encoding="UTF-8" ?>
<testsuite tests="1" failures="1" name="runner.CucumberRunnerTest" time="19.351" errors="0" skipped="0">
  <properties>
[...]
</properties>
  <testcase classname="runner.CucumberRunnerTest" name="runScenario" time="19.351">
    <failure message="For documentation on this error, please visit: https://selenium.dev/exceptions/#no_such_element
Build info: version: &apos;4.4.0&apos;, revision: &apos;e5c75ed026a&apos;
System info: host: &apos;Reinharts-MBP&apos;, ip: &apos;fe80:0:0:0:79:b81:8fee:8496%en0&apos;, os.name: &apos;Mac OS X&apos;, os.arch: &apos;aarch64&apos;, os.version: &apos;12.4&apos;, java.version: &apos;18.0.2.1&apos;
Driver info: org.openqa.selenium.safari.SafariDriver
Command: [97E083B2-C0F0-4BFC-A2BA-3D306F6B500A, findElement {using=name, value=key}]
Capabilities {acceptInsecureCerts: false, browserName: Safari, browserVersion: 15.5, platformName: MAC, safari:automaticInspection: false, safari:automaticProfiling: false, safari:diagnose: false, safari:platformBuildVersion: 21F79, safari:platformVersion: 12.4, safari:useSimulator: false, setWindowRect: true, strictFileInteractability: false, webkit:WebRTC: {DisableICECandidateFiltering: false, DisableInsecureMediaCapture: false}}
Session ID: 97E083B2-C0F0-4BFC-A2BA-3D306F6B500A" type="org.openqa.selenium.NoSuchElementException">org.openqa.selenium.NoSuchElementException: For documentation on this error, please visit: https://selenium.dev/exceptions/#no_such_element
Build info: version: &apos;4.4.0&apos;, revision: &apos;e5c75ed026a&apos;
System info: host: &apos;Reinharts-MBP&apos;, ip: &apos;fe80:0:0:0:79:b81:8fee:8496%en0&apos;, os.name: &apos;Mac OS X&apos;, os.arch: &apos;aarch64&apos;, os.version: &apos;12.4&apos;, java.version: &apos;18.0.2.1&apos;
Driver info: org.openqa.selenium.safari.SafariDriver
Command: [97E083B2-C0F0-4BFC-A2BA-3D306F6B500A, findElement {using=name, value=key}]
Capabilities {acceptInsecureCerts: false, browserName: Safari, browserVersion: 15.5, platformName: MAC, safari:automaticInspection: false, safari:automaticProfiling: false, safari:diagnose: false, safari:platformBuildVersion: 21F79, safari:platformVersion: 12.4, safari:useSimulator: false, setWindowRect: true, strictFileInteractability: false, webkit:WebRTC: {DisableICECandidateFiltering: false, DisableInsecureMediaCapture: false}}
Session ID: 97E083B2-C0F0-4BFC-A2BA-3D306F6B500A
	at java.base/jdk.internal.reflect.DirectConstructorHandleAccessor.newInstance(DirectConstructorHandleAccessor.java:67)
	at java.base/java.lang.reflect.Constructor.newInstanceWithCaller(Constructor.java:499)
	at java.base/java.lang.reflect.Constructor.newInstance(Constructor.java:483)
	at org.openqa.selenium.remote.codec.w3c.W3CHttpResponseCodec.createException(W3CHttpResponseCodec.java:200)
	at org.openqa.selenium.remote.codec.w3c.W3CHttpResponseCodec.decode(W3CHttpResponseCodec.java:133)
	at org.openqa.selenium.remote.codec.w3c.W3CHttpResponseCodec.decode(W3CHttpResponseCodec.java:53)
	at org.openqa.selenium.remote.HttpCommandExecutor.execute(HttpCommandExecutor.java:184)
	at org.openqa.selenium.remote.service.DriverCommandExecutor.invokeExecute(DriverCommandExecutor.java:167)
	at org.openqa.selenium.remote.service.DriverCommandExecutor.execute(DriverCommandExecutor.java:142)
	at org.openqa.selenium.remote.RemoteWebDriver.execute(RemoteWebDriver.java:547)
	at org.openqa.selenium.remote.ElementLocation$ElementFinder$2.findElement(ElementLocation.java:162)
	at org.openqa.selenium.remote.ElementLocation.findElement(ElementLocation.java:66)
	at org.openqa.selenium.remote.RemoteWebDriver.findElement(RemoteWebDriver.java:365)
	at org.openqa.selenium.remote.RemoteWebDriver.findElement(RemoteWebDriver.java:357)
	at definitions.BrowsingJavaDeveloperJobsFinder.searchJobsByKeyword(BrowsingJavaDeveloperJobsFinder.java:41)
	at ✽.search &quot;java developer&quot;(file:///Users/reinhart/Documents/TestNGCucumber/src/test/resources/features/BrowserJavaDeveloperJobsFind.feature:9)
</failure>
    <system-out>Configuring TestNG with: org.apache.maven.surefire.testng.conf.TestNG652Configurator@66d33a
Singapore
</system-out>
    <system-err>SLF4J: Failed to load class &quot;org.slf4j.impl.StaticLoggerBinder&quot;.
SLF4J: Defaulting to no-operation (NOP) logger implementation
SLF4J: See http://www.slf4j.org/codes.html#StaticLoggerBinder for further details.
Sep 01, 2022 10:32:00 AM org.openqa.selenium.remote.ProtocolHandshake createSession
INFO: Detected upstream dialect: W3C
</system-err>
  </testcase>
</testsuite>