<?xml version="1.0" encoding="UTF-8"?>
<!-- Generated by org.testng.reporters.JUnitReportReporter -->
<testsuite hostname="Reinharts-MBP" failures="0" tests="1" name="runner.CucumberRunnerTest" time="19.319" errors="1" timestamp="2022-09-01T10:32:20 WIB" skipped="0">
  <testcase classname="runner.CucumberRunnerTest" name="runScenario" time="19.319">
    <error message="For documentation on this error, please visit: https://selenium.dev/exceptions/#no_such_element
Build info: version: &#039;4.4.0&#039;, revision: &#039;e5c75ed026a&#039;
System info: host: &#039;Reinharts-MBP&#039;, ip: &#039;fe80:0:0:0:79:b81:8fee:8496%en0&#039;, os.name: &#039;Mac OS X&#039;, os.arch: &#039;aarch64&#039;, os.version: &#039;12.4&#039;, java.version: &#039;18.0.2.1&#039;
Driver info: org.openqa.selenium.safari.SafariDriver
Command: [97E083B2-C0F0-4BFC-A2BA-3D306F6B500A, findElement {using=name, value=key}]
Capabilities {acceptInsecureCerts: false, browserName: Safari, browserVersion: 15.5, platformName: MAC, safari:automaticInspection: false, safari:automaticProfiling: false, safari:diagnose: false, safari:platformBuildVersion: 21F79, safari:platformVersion: 12.4, safari:useSimulator: false, setWindowRect: true, strictFileInteractability: false, webkit:WebRTC: {DisableICECandidateFiltering: false, DisableInsecureMediaCapture: false}}
Session ID: 97E083B2-C0F0-4BFC-A2BA-3D306F6B500A" type="org.openqa.selenium.NoSuchElementException">
      <![CDATA[org.openqa.selenium.NoSuchElementException: For documentation on this error, please visit: https://selenium.dev/exceptions/#no_such_element
Build info: version: '4.4.0', revision: 'e5c75ed026a'
System info: host: 'Reinharts-MBP', ip: 'fe80:0:0:0:79:b81:8fee:8496%en0', os.name: 'Mac OS X', os.arch: 'aarch64', os.version: '12.4', java.version: '18.0.2.1'
Driver info: org.openqa.selenium.safari.SafariDriver
Command: [97E083B2-C0F0-4BFC-A2BA-3D306F6B500A, findElement {using=name, value=key}]
Capabilities {acceptInsecureCerts: false, browserName: Safari, browserVersion: 15.5, platformName: MAC, safari:automaticInspection: false, safari:automaticProfiling: false, safari:diagnose: false, safari:platformBuildVersion: 21F79, safari:platformVersion: 12.4, safari:useSimulator: false, setWindowRect: true, strictFileInteractability: false, webkit:WebRTC: {DisableICECandidateFiltering: false, DisableInsecureMediaCapture: false}}
Session ID: 97E083B2-C0F0-4BFC-A2BA-3D306F6B500A
at java.base/jdk.internal.reflect.DirectConstructorHandleAccessor.newInstance(DirectConstructorHandleAccessor.java:67)
at java.base/java.lang.reflect.Constructor.newInstanceWithCaller(Constructor.java:499)
at java.base/java.lang.reflect.Constructor.newInstance(Constructor.java:483)
at org.openqa.selenium.remote.codec.w3c.W3CHttpResponseCodec.createException(W3CHttpResponseCodec.java:200)
at org.openqa.selenium.remote.codec.w3c.W3CHttpResponseCodec.decode(W3CHttpResponseCodec.java:133)
at org.openqa.selenium.remote.codec.w3c.W3CHttpResponseCodec.decode(W3CHttpResponseCodec.java:53)
at org.openqa.selenium.remote.HttpCommandExecutor.execute(HttpCommandExecutor.java:184)
at org.openqa.selenium.remote.service.DriverCommandExecutor.invokeExecute(DriverCommandExecutor.java:167)
at org.openqa.selenium.remote.service.DriverCommandExecutor.execute(DriverCommandExecutor.java:142)
at org.openqa.selenium.remote.RemoteWebDriver.execute(RemoteWebDriver.java:547)
at org.openqa.selenium.remote.ElementLocation$ElementFinder$2.findElement(ElementLocation.java:162)
at org.openqa.selenium.remote.ElementLocation.findElement(ElementLocation.java:66)
at org.openqa.selenium.remote.RemoteWebDriver.findElement(RemoteWebDriver.java:365)
at org.openqa.selenium.remote.RemoteWebDriver.findElement(RemoteWebDriver.java:357)
at definitions.BrowsingJavaDeveloperJobsFinder.searchJobsByKeyword(BrowsingJavaDeveloperJobsFinder.java:41)
at ✽.search "java developer"(file:///Users/reinhart/Documents/TestNGCucumber/src/test/resources/features/BrowserJavaDeveloperJobsFind.feature:9)
]]>
    </error>
  </testcase> <!-- runScenario -->
  <system-out/>
</testsuite> <!-- runner.CucumberRunnerTest -->
